<?xml version="1.0" encoding="UTF-8"?>
<testsuite xmlns:xsi="http://www.w3.org/2001/XMLSchema-instance" xsi:noNamespaceSchemaLocation="https://maven.apache.org/surefire/maven-surefire-plugin/xsd/surefire-test-report-3.0.xsd" version="3.0" name="com.em.demo.service.EmployeeServiceTest" time="0.751" tests="5" errors="0" skipped="0" failures="0">
  <properties>
[...]
</properties>
  <testcase name="getEmployeeById_Success" classname="com.em.demo.service.EmployeeServiceTest" time="0.66">
    <system-out><![CDATA[&amp#27;[32m[2024-11-13 17:10:59,351]&amp#27;[0;39m - &amp#27;[34mINFO&amp#27;[0;39m - {&amp#27;[33mEmployeeService.java:getEmployeeById:28&amp#27;[0;39m} - Fetching employee with ID: b5044567-282f-4a2b-8a4d-121e4a8ef063
]]></system-out>
  </testcase>
  <testcase name="deleteEmployee" classname="com.em.demo.service.EmployeeServiceTest" time="0.007">
    <system-out><![CDATA[&amp#27;[32m[2024-11-13 17:10:59,532]&amp#27;[0;39m - &amp#27;[34mINFO&amp#27;[0;39m - {&amp#27;[33mEmployeeService.java:deleteEmployee:53&amp#27;[0;39m} - Deleting employee with ID: 6e922242-a98b-457a-a6ca-c40d7b0089ab
&amp#27;[32m[2024-11-13 17:10:59,532]&amp#27;[0;39m - &amp#27;[34mINFO&amp#27;[0;39m - {&amp#27;[33mEmployeeService.java:getEmployeeById:28&amp#27;[0;39m} - Fetching employee with ID: 6e922242-a98b-457a-a6ca-c40d7b0089ab
&amp#27;[32m[2024-11-13 17:10:59,533]&amp#27;[0;39m - &amp#27;[34mINFO&amp#27;[0;39m - {&amp#27;[33mEmployeeService.java:deleteEmployee:56&amp#27;[0;39m} - Employee deleted successfully with ID: 6e922242-a98b-457a-a6ca-c40d7b0089ab
]]></system-out>
  </testcase>
  <testcase name="getEmployeeById_NotFound" classname="com.em.demo.service.EmployeeServiceTest" time="0.022">
    <system-out><![CDATA[&amp#27;[32m[2024-11-13 17:10:59,557]&amp#27;[0;39m - &amp#27;[34mINFO&amp#27;[0;39m - {&amp#27;[33mEmployeeService.java:getEmployeeById:28&amp#27;[0;39m} - Fetching employee with ID: f376ba78-717f-47dc-b8a4-c37a65db4d2e
&amp#27;[32m[2024-11-13 17:10:59,561]&amp#27;[0;39m - &amp#27;[1;31mERROR&amp#27;[0;39m - {&amp#27;[33mEmployeeService.java:lambda$getEmployeeById$0:34&amp#27;[0;39m} - Employee not found with ID: f376ba78-717f-47dc-b8a4-c37a65db4d2e
]]></system-out>
  </testcase>
  <testcase name="updateEmployee" classname="com.em.demo.service.EmployeeServiceTest" time="0.023">
    <system-out><![CDATA[&amp#27;[32m[2024-11-13 17:10:59,573]&amp#27;[0;39m - &amp#27;[34mINFO&amp#27;[0;39m - {&amp#27;[33mEmployeeService.java:updateEmployee:40&amp#27;[0;39m} - Updating employee with ID: d77d1f4e-adf9-494f-8720-83bf37d68b57
&amp#27;[32m[2024-11-13 17:10:59,574]&amp#27;[0;39m - &amp#27;[34mINFO&amp#27;[0;39m - {&amp#27;[33mEmployeeService.java:getEmployeeById:28&amp#27;[0;39m} - Fetching employee with ID: d77d1f4e-adf9-494f-8720-83bf37d68b57
&amp#27;[32m[2024-11-13 17:10:59,575]&amp#27;[0;39m - &amp#27;[34mINFO&amp#27;[0;39m - {&amp#27;[33mEmployeeService.java:updateEmployee:48&amp#27;[0;39m} - Employee updated successfully with ID: d77d1f4e-adf9-494f-8720-83bf37d68b57
]]></system-out>
  </testcase>
  <testcase name="createEmployee" classname="com.em.demo.service.EmployeeServiceTest" time="0.016">
    <system-out><![CDATA[&amp#27;[32m[2024-11-13 17:10:59,595]&amp#27;[0;39m - &amp#27;[34mINFO&amp#27;[0;39m - {&amp#27;[33mEmployeeService.java:createEmployee:21&amp#27;[0;39m} - Creating employee: Employee(id=656fc248-b7d8-4a03-a315-ecc25ba66682, firstName=John, lastName=Doe, email=john.doe@example.com, department=Engineering, salary=50000)
&amp#27;[32m[2024-11-13 17:10:59,604]&amp#27;[0;39m - &amp#27;[34mINFO&amp#27;[0;39m - {&amp#27;[33mEmployeeService.java:createEmployee:23&amp#27;[0;39m} - Employee created successfully with ID: 656fc248-b7d8-4a03-a315-ecc25ba66682
]]></system-out>
  </testcase>
</testsuite>